<?xml version="1.0" encoding="UTF-8"?>
<testsuite xmlns:xsi="http://www.w3.org/2001/XMLSchema-instance" xsi:noNamespaceSchemaLocation="https://maven.apache.org/surefire/maven-surefire-plugin/xsd/surefire-test-report-3.0.xsd" version="3.0" name="com.marketAP.Proyecto1.Proyecto1ApplicationTests" time="3.98" tests="1" errors="0" skipped="0" failures="0">
  <properties>
[...]
</properties>
  <testcase name="contextLoads" classname="com.marketAP.Proyecto1.Proyecto1ApplicationTests" time="1.055">
    <system-out><![CDATA[17:32:11.435 [main] INFO org.springframework.test.context.support.AnnotationConfigContextLoaderUtils -- Could not detect default configuration classes for test class [com.marketAP.Proyecto1.Proyecto1ApplicationTests]: Proyecto1ApplicationTests does not declare any static, non-private, non-final, nested classes annotated with @Configuration.
17:32:11.679 [main] INFO org.springframework.boot.test.context.SpringBootTestContextBootstrapper -- Found @SpringBootConfiguration com.marketAP.Proyecto1.Proyecto1Application for test class com.marketAP.Proyecto1.Proyecto1ApplicationTests
17:32:12.011 [main] INFO org.springframework.boot.devtools.restart.RestartApplicationListener -- Restart disabled due to context in which it is running

  .   ____          _            __ _ _
 /\\ / ___'_ __ _ _(_)_ __  __ _ \ \ \ \
( ( )\___ | '_ | '_| | '_ \/ _` | \ \ \ \
 \\/  ___)| |_)| | | | | || (_| |  ) ) ) )
  '  |____| .__|_| |_|_| |_\__, | / / / /
 =========|_|==============|___/=/_/_/_/

 :: Spring Boot ::                (v3.3.1)

2024-07-15T17:32:12.420-06:00  INFO 2472 --- [           main] c.m.Proyecto1.Proyecto1ApplicationTests  : Starting Proyecto1ApplicationTests using Java 21.0.1 with PID 2472 (started by diego in C:\Users\diego\OneDrive\Escritorio\MyFirstSpringBoot\Proyecto1)
2024-07-15T17:32:12.422-06:00  INFO 2472 --- [           main] c.m.Proyecto1.Proyecto1ApplicationTests  : No active profile set, falling back to 1 default profile: "default"
2024-07-15T17:32:14.004-06:00  INFO 2472 --- [           main] c.m.Proyecto1.Proyecto1ApplicationTests  : Started Proyecto1ApplicationTests in 2.02 seconds (process running for 3.62)
]]></system-out>
    <system-err><![CDATA[WARNING: A Java agent has been loaded dynamically (C:\Users\diego\.m2\repository\net\bytebuddy\byte-buddy-agent\1.14.17\byte-buddy-agent-1.14.17.jar)
WARNING: If a serviceability tool is in use, please run with -XX:+EnableDynamicAgentLoading to hide this warning
WARNING: If a serviceability tool is not in use, please run with -Djdk.instrument.traceUsage for more information
WARNING: Dynamic loading of agents will be disallowed by default in a future release
]]></system-err>
  </testcase>
</testsuite>